<?xml version="1.0" encoding="UTF-8"?>
<!-- Generated by org.testng.reporters.JUnitReportReporter -->
<testsuite skipped="0" hostname="DESKTOP-KCF9LK9" name="com.django.page.FetchRepoAPI" tests="1" failures="0" timestamp="30 Nov 2020 20:35:56 GMT" time="2.304" errors="0">
  <testcase name="get" time="2.304" classname="com.django.page.FetchRepoAPI"/>
</testsuite> <!-- com.django.page.FetchRepoAPI -->
